  MOPED: 127.0.0.1:27017 COMMAND      database=admin command={:ismaster=>1} (52.6705ms)
  MOPED: 127.0.0.1:27017 COMMAND      database=admin command={:ismaster=>1} (56.0739ms)
  MOPED: 127.0.0.1:27017 COMMAND      database=admin command={:ismaster=>1} (52.3238ms)


Started GET "/" for 222.109.78.27 at 2013-08-21 08:36:35 +0000

ArgumentError (wrong number of arguments (1 for 0)):
  app/controllers/main_controller.rb:24:in `process'


  Rendered /home/ubuntu/.rbenv/versions/2.0.0-p0/lib/ruby/gems/2.0.0/gems/actionpack-3.2.13/lib/action_dispatch/middleware/templates/rescues/_trace.erb (1.5ms)
  Rendered /home/ubuntu/.rbenv/versions/2.0.0-p0/lib/ruby/gems/2.0.0/gems/actionpack-3.2.13/lib/action_dispatch/middleware/templates/rescues/_request_and_response.erb (9.8ms)
  Rendered /home/ubuntu/.rbenv/versions/2.0.0-p0/lib/ruby/gems/2.0.0/gems/actionpack-3.2.13/lib/action_dispatch/middleware/templates/rescues/diagnostics.erb within rescues/layout (22.0ms)


Started GET "/jquery.min.map" for 222.109.78.27 at 2013-08-21 08:36:36 +0000

ActionController::RoutingError (No route matches [GET] "/jquery.min.map"):
  actionpack (3.2.13) lib/action_dispatch/middleware/debug_exceptions.rb:21:in `call'
  actionpack (3.2.13) lib/action_dispatch/middleware/show_exceptions.rb:56:in `call'
  railties (3.2.13) lib/rails/rack/logger.rb:32:in `call_app'
  railties (3.2.13) lib/rails/rack/logger.rb:16:in `block in call'
  activesupport (3.2.13) lib/active_support/tagged_logging.rb:22:in `tagged'
  railties (3.2.13) lib/rails/rack/logger.rb:16:in `call'
  actionpack (3.2.13) lib/action_dispatch/middleware/request_id.rb:22:in `call'
  rack (1.4.5) lib/rack/methodoverride.rb:21:in `call'
  rack (1.4.5) lib/rack/runtime.rb:17:in `call'
  activesupport (3.2.13) lib/active_support/cache/strategy/local_cache.rb:72:in `call'
  rack (1.4.5) lib/rack/lock.rb:15:in `call'
  actionpack (3.2.13) lib/action_dispatch/middleware/static.rb:63:in `call'
  railties (3.2.13) lib/rails/engine.rb:479:in `call'
  railties (3.2.13) lib/rails/application.rb:223:in `call'
  rack (1.4.5) lib/rack/content_length.rb:14:in `call'
  railties (3.2.13) lib/rails/rack/log_tailer.rb:17:in `call'
  rack (1.4.5) lib/rack/handler/webrick.rb:59:in `service'
  /home/ubuntu/.rbenv/versions/2.0.0-p0/lib/ruby/2.0.0/webrick/httpserver.rb:138:in `service'
  /home/ubuntu/.rbenv/versions/2.0.0-p0/lib/ruby/2.0.0/webrick/httpserver.rb:94:in `run'
  /home/ubuntu/.rbenv/versions/2.0.0-p0/lib/ruby/2.0.0/webrick/server.rb:295:in `block in start_thread'


  Rendered /home/ubuntu/.rbenv/versions/2.0.0-p0/lib/ruby/gems/2.0.0/gems/actionpack-3.2.13/lib/action_dispatch/middleware/templates/rescues/routing_error.erb within rescues/layout (0.9ms)
  MOPED: 127.0.0.1:27017 COMMAND      database=admin command={:ismaster=>1} (52.1061ms)


Started GET "/" for 222.109.78.27 at 2013-08-21 08:38:25 +0000
Processing by MainController#index as HTML
  MOPED: 127.0.0.1:27017 COMMAND      database=admin command={:ismaster=>1} (1.2665ms)
  MOPED: 127.0.0.1:27017 QUERY        database=ccl_muse_development collection=events selector={"$query"=>{"deleted_at"=>nil, "visible"=>true}, "$orderby"=>{"created_at"=>1}} flags=[:slave_ok] limit=-1 skip=0 batch_size=nil fields=nil (0.3941ms)
  Rendered shared/_consulting_request_form.html.haml (110.6ms)
  Rendered main/index.html.erb within layouts/main (125.8ms)
Compiled main_head_javascripts.js  (80ms)  (pid 23984)
  Rendered shared/_header_common.html.erb (0.5ms)
  Rendered shared/_footer_common.html.erb (0.5ms)
Completed 200 OK in 940ms (Views: 291.3ms)


Started GET "/assets/jquery.mobile-1.3.1.min.css?body=1" for 222.109.78.27 at 2013-08-21 08:38:27 +0000
Served asset /jquery.mobile-1.3.1.min.css - 304 Not Modified (3ms)


Started GET "/assets/ccl_common.css?body=1" for 222.109.78.27 at 2013-08-21 08:38:27 +0000
Served asset /ccl_common.css - 304 Not Modified (18ms)


Started GET "/assets/ccl_thema.min.css?body=1" for 222.109.78.27 at 2013-08-21 08:38:27 +0000
Served asset /ccl_thema.min.css - 304 Not Modified (2ms)


Started GET "/assets/ccl.min.css?body=1" for 222.109.78.27 at 2013-08-21 08:38:27 +0000
Served asset /ccl.min.css - 304 Not Modified (2ms)


Started GET "/assets/flexslider.css?body=1" for 222.109.78.27 at 2013-08-21 08:38:27 +0000
Served asset /flexslider.css - 304 Not Modified (1ms)


Started GET "/assets/jquery.mobile.structure-1.3.1.min.css?body=1" for 222.109.78.27 at 2013-08-21 08:38:27 +0000
Served asset /jquery.mobile.structure-1.3.1.min.css - 304 Not Modified (2ms)


Started GET "/assets/popup.css?body=1" for 222.109.78.27 at 2013-08-21 08:38:27 +0000
Served asset /popup.css - 304 Not Modified (1ms)


Started GET "/assets/main.css?body=1" for 222.109.78.27 at 2013-08-21 08:38:27 +0000
Served asset /main.css - 304 Not Modified (73ms)


Started GET "/assets/jquery.js?body=1" for 222.109.78.27 at 2013-08-21 08:38:27 +0000
Served asset /jquery.js - 304 Not Modified (9ms)


Started GET "/assets/jquery_ujs.js?body=1" for 222.109.78.27 at 2013-08-21 08:38:27 +0000
Served asset /jquery_ujs.js - 304 Not Modified (6ms)


Started GET "/assets/jquery.flexslider.js?body=1" for 222.109.78.27 at 2013-08-21 08:38:27 +0000
Served asset /jquery.flexslider.js - 304 Not Modified (2ms)


Started GET "/assets/kakao.link.js?body=1" for 222.109.78.27 at 2013-08-21 08:38:27 +0000
Served asset /kakao.link.js - 304 Not Modified (1ms)


Started GET "/jquery.min.map" for 222.109.78.27 at 2013-08-21 08:38:27 +0000

ActionController::RoutingError (No route matches [GET] "/jquery.min.map"):
  actionpack (3.2.13) lib/action_dispatch/middleware/debug_exceptions.rb:21:in `call'
  actionpack (3.2.13) lib/action_dispatch/middleware/show_exceptions.rb:56:in `call'
  railties (3.2.13) lib/rails/rack/logger.rb:32:in `call_app'
  railties (3.2.13) lib/rails/rack/logger.rb:16:in `block in call'
  activesupport (3.2.13) lib/active_support/tagged_logging.rb:22:in `tagged'
  railties (3.2.13) lib/rails/rack/logger.rb:16:in `call'
  actionpack (3.2.13) lib/action_dispatch/middleware/request_id.rb:22:in `call'
  rack (1.4.5) lib/rack/methodoverride.rb:21:in `call'
  rack (1.4.5) lib/rack/runtime.rb:17:in `call'
  activesupport (3.2.13) lib/active_support/cache/strategy/local_cache.rb:72:in `call'
  rack (1.4.5) lib/rack/lock.rb:15:in `call'
  actionpack (3.2.13) lib/action_dispatch/middleware/static.rb:63:in `call'
  railties (3.2.13) lib/rails/engine.rb:479:in `call'
  railties (3.2.13) lib/rails/application.rb:223:in `call'
  rack (1.4.5) lib/rack/content_length.rb:14:in `call'
  railties (3.2.13) lib/rails/rack/log_tailer.rb:17:in `call'
  rack (1.4.5) lib/rack/handler/webrick.rb:59:in `service'
  /home/ubuntu/.rbenv/versions/2.0.0-p0/lib/ruby/2.0.0/webrick/httpserver.rb:138:in `service'
  /home/ubuntu/.rbenv/versions/2.0.0-p0/lib/ruby/2.0.0/webrick/httpserver.rb:94:in `run'
  /home/ubuntu/.rbenv/versions/2.0.0-p0/lib/ruby/2.0.0/webrick/server.rb:295:in `block in start_thread'


  Rendered /home/ubuntu/.rbenv/versions/2.0.0-p0/lib/ruby/gems/2.0.0/gems/actionpack-3.2.13/lib/action_dispatch/middleware/templates/rescues/routing_error.erb within rescues/layout (0.8ms)


Started GET "/assets/main_head_javascripts.js?body=1" for 222.109.78.27 at 2013-08-21 08:38:27 +0000
Served asset /main_head_javascripts.js - 304 Not Modified (13ms)


Started GET "/js/jquery.flexslider.js" for 222.109.78.27 at 2013-08-21 08:38:27 +0000

ActionController::RoutingError (No route matches [GET] "/js/jquery.flexslider.js"):
  actionpack (3.2.13) lib/action_dispatch/middleware/debug_exceptions.rb:21:in `call'
  actionpack (3.2.13) lib/action_dispatch/middleware/show_exceptions.rb:56:in `call'
  railties (3.2.13) lib/rails/rack/logger.rb:32:in `call_app'
  railties (3.2.13) lib/rails/rack/logger.rb:16:in `block in call'
  activesupport (3.2.13) lib/active_support/tagged_logging.rb:22:in `tagged'
  railties (3.2.13) lib/rails/rack/logger.rb:16:in `call'
  actionpack (3.2.13) lib/action_dispatch/middleware/request_id.rb:22:in `call'
  rack (1.4.5) lib/rack/methodoverride.rb:21:in `call'
  rack (1.4.5) lib/rack/runtime.rb:17:in `call'
  activesupport (3.2.13) lib/active_support/cache/strategy/local_cache.rb:72:in `call'
  rack (1.4.5) lib/rack/lock.rb:15:in `call'
  actionpack (3.2.13) lib/action_dispatch/middleware/static.rb:63:in `call'
  railties (3.2.13) lib/rails/engine.rb:479:in `call'
  railties (3.2.13) lib/rails/application.rb:223:in `call'
  rack (1.4.5) lib/rack/content_length.rb:14:in `call'
  railties (3.2.13) lib/rails/rack/log_tailer.rb:17:in `call'
  rack (1.4.5) lib/rack/handler/webrick.rb:59:in `service'
  /home/ubuntu/.rbenv/versions/2.0.0-p0/lib/ruby/2.0.0/webrick/httpserver.rb:138:in `service'
  /home/ubuntu/.rbenv/versions/2.0.0-p0/lib/ruby/2.0.0/webrick/httpserver.rb:94:in `run'
  /home/ubuntu/.rbenv/versions/2.0.0-p0/lib/ruby/2.0.0/webrick/server.rb:295:in `block in start_thread'


  Rendered /home/ubuntu/.rbenv/versions/2.0.0-p0/lib/ruby/gems/2.0.0/gems/actionpack-3.2.13/lib/action_dispatch/middleware/templates/rescues/routing_error.erb within rescues/layout (1.0ms)


Started GET "/jquery.min.map" for 222.109.78.27 at 2013-08-21 08:38:28 +0000

ActionController::RoutingError (No route matches [GET] "/jquery.min.map"):
  actionpack (3.2.13) lib/action_dispatch/middleware/debug_exceptions.rb:21:in `call'
  actionpack (3.2.13) lib/action_dispatch/middleware/show_exceptions.rb:56:in `call'
  railties (3.2.13) lib/rails/rack/logger.rb:32:in `call_app'
  railties (3.2.13) lib/rails/rack/logger.rb:16:in `block in call'
  activesupport (3.2.13) lib/active_support/tagged_logging.rb:22:in `tagged'
  railties (3.2.13) lib/rails/rack/logger.rb:16:in `call'
  actionpack (3.2.13) lib/action_dispatch/middleware/request_id.rb:22:in `call'
  rack (1.4.5) lib/rack/methodoverride.rb:21:in `call'
  rack (1.4.5) lib/rack/runtime.rb:17:in `call'
  activesupport (3.2.13) lib/active_support/cache/strategy/local_cache.rb:72:in `call'
  rack (1.4.5) lib/rack/lock.rb:15:in `call'
  actionpack (3.2.13) lib/action_dispatch/middleware/static.rb:63:in `call'
  railties (3.2.13) lib/rails/engine.rb:479:in `call'
  railties (3.2.13) lib/rails/application.rb:223:in `call'
  rack (1.4.5) lib/rack/content_length.rb:14:in `call'
  railties (3.2.13) lib/rails/rack/log_tailer.rb:17:in `call'
  rack (1.4.5) lib/rack/handler/webrick.rb:59:in `service'
  /home/ubuntu/.rbenv/versions/2.0.0-p0/lib/ruby/2.0.0/webrick/httpserver.rb:138:in `service'
  /home/ubuntu/.rbenv/versions/2.0.0-p0/lib/ruby/2.0.0/webrick/httpserver.rb:94:in `run'
  /home/ubuntu/.rbenv/versions/2.0.0-p0/lib/ruby/2.0.0/webrick/server.rb:295:in `block in start_thread'


  Rendered /home/ubuntu/.rbenv/versions/2.0.0-p0/lib/ruby/gems/2.0.0/gems/actionpack-3.2.13/lib/action_dispatch/middleware/templates/rescues/routing_error.erb within rescues/layout (1.0ms)


Started GET "/assets/images/bg_direction_nav.png" for 222.109.78.27 at 2013-08-21 08:38:28 +0000
Served asset /images/bg_direction_nav.png - 404 Not Found (5ms)

ActionController::RoutingError (No route matches [GET] "/assets/images/bg_direction_nav.png"):
  actionpack (3.2.13) lib/action_dispatch/middleware/debug_exceptions.rb:21:in `call'
  actionpack (3.2.13) lib/action_dispatch/middleware/show_exceptions.rb:56:in `call'
  railties (3.2.13) lib/rails/rack/logger.rb:32:in `call_app'
  railties (3.2.13) lib/rails/rack/logger.rb:16:in `block in call'
  activesupport (3.2.13) lib/active_support/tagged_logging.rb:22:in `tagged'
  railties (3.2.13) lib/rails/rack/logger.rb:16:in `call'
  actionpack (3.2.13) lib/action_dispatch/middleware/request_id.rb:22:in `call'
  rack (1.4.5) lib/rack/methodoverride.rb:21:in `call'
  rack (1.4.5) lib/rack/runtime.rb:17:in `call'
  activesupport (3.2.13) lib/active_support/cache/strategy/local_cache.rb:72:in `call'
  rack (1.4.5) lib/rack/lock.rb:15:in `call'
  actionpack (3.2.13) lib/action_dispatch/middleware/static.rb:63:in `call'
  railties (3.2.13) lib/rails/engine.rb:479:in `call'
  railties (3.2.13) lib/rails/application.rb:223:in `call'
  rack (1.4.5) lib/rack/content_length.rb:14:in `call'
  railties (3.2.13) lib/rails/rack/log_tailer.rb:17:in `call'
  rack (1.4.5) lib/rack/handler/webrick.rb:59:in `service'
  /home/ubuntu/.rbenv/versions/2.0.0-p0/lib/ruby/2.0.0/webrick/httpserver.rb:138:in `service'
  /home/ubuntu/.rbenv/versions/2.0.0-p0/lib/ruby/2.0.0/webrick/httpserver.rb:94:in `run'
  /home/ubuntu/.rbenv/versions/2.0.0-p0/lib/ruby/2.0.0/webrick/server.rb:295:in `block in start_thread'


  Rendered /home/ubuntu/.rbenv/versions/2.0.0-p0/lib/ruby/gems/2.0.0/gems/actionpack-3.2.13/lib/action_dispatch/middleware/templates/rescues/routing_error.erb within rescues/layout (0.9ms)
  MOPED: 127.0.0.1:27017 COMMAND      database=admin command={:ismaster=>1} (61.3563ms)


Started GET "/" for 222.109.78.27 at 2013-08-21 08:40:16 +0000

ArgumentError (wrong number of arguments (1 for 0)):
  app/controllers/main_controller.rb:24:in `process'


  Rendered /home/ubuntu/.rbenv/versions/2.0.0-p0/lib/ruby/gems/2.0.0/gems/actionpack-3.2.13/lib/action_dispatch/middleware/templates/rescues/_trace.erb (1.8ms)
  Rendered /home/ubuntu/.rbenv/versions/2.0.0-p0/lib/ruby/gems/2.0.0/gems/actionpack-3.2.13/lib/action_dispatch/middleware/templates/rescues/_request_and_response.erb (2.9ms)
  Rendered /home/ubuntu/.rbenv/versions/2.0.0-p0/lib/ruby/gems/2.0.0/gems/actionpack-3.2.13/lib/action_dispatch/middleware/templates/rescues/diagnostics.erb within rescues/layout (15.3ms)


Started GET "/jquery.min.map" for 222.109.78.27 at 2013-08-21 08:40:16 +0000

ActionController::RoutingError (No route matches [GET] "/jquery.min.map"):
  actionpack (3.2.13) lib/action_dispatch/middleware/debug_exceptions.rb:21:in `call'
  actionpack (3.2.13) lib/action_dispatch/middleware/show_exceptions.rb:56:in `call'
  railties (3.2.13) lib/rails/rack/logger.rb:32:in `call_app'
  railties (3.2.13) lib/rails/rack/logger.rb:16:in `block in call'
  activesupport (3.2.13) lib/active_support/tagged_logging.rb:22:in `tagged'
  railties (3.2.13) lib/rails/rack/logger.rb:16:in `call'
  actionpack (3.2.13) lib/action_dispatch/middleware/request_id.rb:22:in `call'
  rack (1.4.5) lib/rack/methodoverride.rb:21:in `call'
  rack (1.4.5) lib/rack/runtime.rb:17:in `call'
  activesupport (3.2.13) lib/active_support/cache/strategy/local_cache.rb:72:in `call'
  rack (1.4.5) lib/rack/lock.rb:15:in `call'
  actionpack (3.2.13) lib/action_dispatch/middleware/static.rb:63:in `call'
  railties (3.2.13) lib/rails/engine.rb:479:in `call'
  railties (3.2.13) lib/rails/application.rb:223:in `call'
  rack (1.4.5) lib/rack/content_length.rb:14:in `call'
  railties (3.2.13) lib/rails/rack/log_tailer.rb:17:in `call'
  rack (1.4.5) lib/rack/handler/webrick.rb:59:in `service'
  /home/ubuntu/.rbenv/versions/2.0.0-p0/lib/ruby/2.0.0/webrick/httpserver.rb:138:in `service'
  /home/ubuntu/.rbenv/versions/2.0.0-p0/lib/ruby/2.0.0/webrick/httpserver.rb:94:in `run'
  /home/ubuntu/.rbenv/versions/2.0.0-p0/lib/ruby/2.0.0/webrick/server.rb:295:in `block in start_thread'


  Rendered /home/ubuntu/.rbenv/versions/2.0.0-p0/lib/ruby/gems/2.0.0/gems/actionpack-3.2.13/lib/action_dispatch/middleware/templates/rescues/routing_error.erb within rescues/layout (0.9ms)
  MOPED: 127.0.0.1:27017 COMMAND      database=admin command={:ismaster=>1} (51.3687ms)


Started GET "/" for 222.109.78.27 at 2013-08-21 08:42:16 +0000
Processing by MainController#index as HTML
  MOPED: 127.0.0.1:27017 COMMAND      database=admin command={:ismaster=>1} (1.1232ms)
  MOPED: 127.0.0.1:27017 QUERY        database=ccl_muse_development collection=events selector={"$query"=>{"deleted_at"=>nil, "visible"=>true}, "$orderby"=>{"created_at"=>1}} flags=[:slave_ok] limit=-1 skip=0 batch_size=nil fields=nil (0.3989ms)
  Rendered shared/_consulting_request_form.html.haml (38.2ms)
  Rendered main/index.html.erb within layouts/main (43.5ms)
  Rendered shared/_header_common.html.erb (0.5ms)
  Rendered shared/_footer_common.html.erb (0.4ms)
Completed 200 OK in 279ms (Views: 157.0ms)


Started GET "/assets/ccl_common.css?body=1" for 222.109.78.27 at 2013-08-21 08:42:17 +0000
Served asset /ccl_common.css - 304 Not Modified (2ms)


Started GET "/assets/ccl.min.css?body=1" for 222.109.78.27 at 2013-08-21 08:42:17 +0000
Served asset /ccl.min.css - 304 Not Modified (3ms)


Started GET "/assets/jquery.mobile.structure-1.3.1.min.css?body=1" for 222.109.78.27 at 2013-08-21 08:42:17 +0000
Served asset /jquery.mobile.structure-1.3.1.min.css - 304 Not Modified (2ms)


Started GET "/assets/ccl_thema.min.css?body=1" for 222.109.78.27 at 2013-08-21 08:42:17 +0000
Served asset /ccl_thema.min.css - 304 Not Modified (2ms)


Started GET "/assets/jquery.mobile-1.3.1.min.css?body=1" for 222.109.78.27 at 2013-08-21 08:42:17 +0000
Served asset /jquery.mobile-1.3.1.min.css - 304 Not Modified (2ms)


Started GET "/assets/flexslider.css?body=1" for 222.109.78.27 at 2013-08-21 08:42:17 +0000
Served asset /flexslider.css - 304 Not Modified (1ms)


Started GET "/assets/popup.css?body=1" for 222.109.78.27 at 2013-08-21 08:42:17 +0000
Served asset /popup.css - 304 Not Modified (2ms)


Started GET "/assets/main.css?body=1" for 222.109.78.27 at 2013-08-21 08:42:17 +0000
Served asset /main.css - 304 Not Modified (91ms)


Started GET "/assets/jquery.js?body=1" for 222.109.78.27 at 2013-08-21 08:42:17 +0000
Served asset /jquery.js - 304 Not Modified (4ms)


Started GET "/assets/jquery_ujs.js?body=1" for 222.109.78.27 at 2013-08-21 08:42:17 +0000
Served asset /jquery_ujs.js - 304 Not Modified (5ms)


Started GET "/assets/jquery.flexslider.js?body=1" for 222.109.78.27 at 2013-08-21 08:42:17 +0000
Served asset /jquery.flexslider.js - 304 Not Modified (2ms)


Started GET "/assets/kakao.link.js?body=1" for 222.109.78.27 at 2013-08-21 08:42:17 +0000
Served asset /kakao.link.js - 304 Not Modified (2ms)


Started GET "/assets/main_head_javascripts.js?body=1" for 222.109.78.27 at 2013-08-21 08:42:17 +0000
Served asset /main_head_javascripts.js - 304 Not Modified (11ms)


Started GET "/jquery.min.map" for 222.109.78.27 at 2013-08-21 08:42:17 +0000

ActionController::RoutingError (No route matches [GET] "/jquery.min.map"):
  actionpack (3.2.13) lib/action_dispatch/middleware/debug_exceptions.rb:21:in `call'
  actionpack (3.2.13) lib/action_dispatch/middleware/show_exceptions.rb:56:in `call'
  railties (3.2.13) lib/rails/rack/logger.rb:32:in `call_app'
  railties (3.2.13) lib/rails/rack/logger.rb:16:in `block in call'
  activesupport (3.2.13) lib/active_support/tagged_logging.rb:22:in `tagged'
  railties (3.2.13) lib/rails/rack/logger.rb:16:in `call'
  actionpack (3.2.13) lib/action_dispatch/middleware/request_id.rb:22:in `call'
  rack (1.4.5) lib/rack/methodoverride.rb:21:in `call'
  rack (1.4.5) lib/rack/runtime.rb:17:in `call'
  activesupport (3.2.13) lib/active_support/cache/strategy/local_cache.rb:72:in `call'
  rack (1.4.5) lib/rack/lock.rb:15:in `call'
  actionpack (3.2.13) lib/action_dispatch/middleware/static.rb:63:in `call'
  railties (3.2.13) lib/rails/engine.rb:479:in `call'
  railties (3.2.13) lib/rails/application.rb:223:in `call'
  rack (1.4.5) lib/rack/content_length.rb:14:in `call'
  railties (3.2.13) lib/rails/rack/log_tailer.rb:17:in `call'
  rack (1.4.5) lib/rack/handler/webrick.rb:59:in `service'
  /home/ubuntu/.rbenv/versions/2.0.0-p0/lib/ruby/2.0.0/webrick/httpserver.rb:138:in `service'
  /home/ubuntu/.rbenv/versions/2.0.0-p0/lib/ruby/2.0.0/webrick/httpserver.rb:94:in `run'
  /home/ubuntu/.rbenv/versions/2.0.0-p0/lib/ruby/2.0.0/webrick/server.rb:295:in `block in start_thread'


  Rendered /home/ubuntu/.rbenv/versions/2.0.0-p0/lib/ruby/gems/2.0.0/gems/actionpack-3.2.13/lib/action_dispatch/middleware/templates/rescues/routing_error.erb within rescues/layout (0.8ms)


Started GET "/js/jquery.flexslider.js" for 222.109.78.27 at 2013-08-21 08:42:18 +0000

ActionController::RoutingError (No route matches [GET] "/js/jquery.flexslider.js"):
  actionpack (3.2.13) lib/action_dispatch/middleware/debug_exceptions.rb:21:in `call'
  actionpack (3.2.13) lib/action_dispatch/middleware/show_exceptions.rb:56:in `call'
  railties (3.2.13) lib/rails/rack/logger.rb:32:in `call_app'
  railties (3.2.13) lib/rails/rack/logger.rb:16:in `block in call'
  activesupport (3.2.13) lib/active_support/tagged_logging.rb:22:in `tagged'
  railties (3.2.13) lib/rails/rack/logger.rb:16:in `call'
  actionpack (3.2.13) lib/action_dispatch/middleware/request_id.rb:22:in `call'
  rack (1.4.5) lib/rack/methodoverride.rb:21:in `call'
  rack (1.4.5) lib/rack/runtime.rb:17:in `call'
  activesupport (3.2.13) lib/active_support/cache/strategy/local_cache.rb:72:in `call'
  rack (1.4.5) lib/rack/lock.rb:15:in `call'
  actionpack (3.2.13) lib/action_dispatch/middleware/static.rb:63:in `call'
  railties (3.2.13) lib/rails/engine.rb:479:in `call'
  railties (3.2.13) lib/rails/application.rb:223:in `call'
  rack (1.4.5) lib/rack/content_length.rb:14:in `call'
  railties (3.2.13) lib/rails/rack/log_tailer.rb:17:in `call'
  rack (1.4.5) lib/rack/handler/webrick.rb:59:in `service'
  /home/ubuntu/.rbenv/versions/2.0.0-p0/lib/ruby/2.0.0/webrick/httpserver.rb:138:in `service'
  /home/ubuntu/.rbenv/versions/2.0.0-p0/lib/ruby/2.0.0/webrick/httpserver.rb:94:in `run'
  /home/ubuntu/.rbenv/versions/2.0.0-p0/lib/ruby/2.0.0/webrick/server.rb:295:in `block in start_thread'


  Rendered /home/ubuntu/.rbenv/versions/2.0.0-p0/lib/ruby/gems/2.0.0/gems/actionpack-3.2.13/lib/action_dispatch/middleware/templates/rescues/routing_error.erb within rescues/layout (0.8ms)


Started GET "/jquery.min.map" for 222.109.78.27 at 2013-08-21 08:42:18 +0000

ActionController::RoutingError (No route matches [GET] "/jquery.min.map"):
  actionpack (3.2.13) lib/action_dispatch/middleware/debug_exceptions.rb:21:in `call'
  actionpack (3.2.13) lib/action_dispatch/middleware/show_exceptions.rb:56:in `call'
  railties (3.2.13) lib/rails/rack/logger.rb:32:in `call_app'
  railties (3.2.13) lib/rails/rack/logger.rb:16:in `block in call'
  activesupport (3.2.13) lib/active_support/tagged_logging.rb:22:in `tagged'
  railties (3.2.13) lib/rails/rack/logger.rb:16:in `call'
  actionpack (3.2.13) lib/action_dispatch/middleware/request_id.rb:22:in `call'
  rack (1.4.5) lib/rack/methodoverride.rb:21:in `call'
  rack (1.4.5) lib/rack/runtime.rb:17:in `call'
  activesupport (3.2.13) lib/active_support/cache/strategy/local_cache.rb:72:in `call'
  rack (1.4.5) lib/rack/lock.rb:15:in `call'
  actionpack (3.2.13) lib/action_dispatch/middleware/static.rb:63:in `call'
  railties (3.2.13) lib/rails/engine.rb:479:in `call'
  railties (3.2.13) lib/rails/application.rb:223:in `call'
  rack (1.4.5) lib/rack/content_length.rb:14:in `call'
  railties (3.2.13) lib/rails/rack/log_tailer.rb:17:in `call'
  rack (1.4.5) lib/rack/handler/webrick.rb:59:in `service'
  /home/ubuntu/.rbenv/versions/2.0.0-p0/lib/ruby/2.0.0/webrick/httpserver.rb:138:in `service'
  /home/ubuntu/.rbenv/versions/2.0.0-p0/lib/ruby/2.0.0/webrick/httpserver.rb:94:in `run'
  /home/ubuntu/.rbenv/versions/2.0.0-p0/lib/ruby/2.0.0/webrick/server.rb:295:in `block in start_thread'


  Rendered /home/ubuntu/.rbenv/versions/2.0.0-p0/lib/ruby/gems/2.0.0/gems/actionpack-3.2.13/lib/action_dispatch/middleware/templates/rescues/routing_error.erb within rescues/layout (0.9ms)


Started GET "/assets/images/bg_direction_nav.png" for 222.109.78.27 at 2013-08-21 08:42:18 +0000
Served asset /images/bg_direction_nav.png - 404 Not Found (4ms)

ActionController::RoutingError (No route matches [GET] "/assets/images/bg_direction_nav.png"):
  actionpack (3.2.13) lib/action_dispatch/middleware/debug_exceptions.rb:21:in `call'
  actionpack (3.2.13) lib/action_dispatch/middleware/show_exceptions.rb:56:in `call'
  railties (3.2.13) lib/rails/rack/logger.rb:32:in `call_app'
  railties (3.2.13) lib/rails/rack/logger.rb:16:in `block in call'
  activesupport (3.2.13) lib/active_support/tagged_logging.rb:22:in `tagged'
  railties (3.2.13) lib/rails/rack/logger.rb:16:in `call'
  actionpack (3.2.13) lib/action_dispatch/middleware/request_id.rb:22:in `call'
  rack (1.4.5) lib/rack/methodoverride.rb:21:in `call'
  rack (1.4.5) lib/rack/runtime.rb:17:in `call'
  activesupport (3.2.13) lib/active_support/cache/strategy/local_cache.rb:72:in `call'
  rack (1.4.5) lib/rack/lock.rb:15:in `call'
  actionpack (3.2.13) lib/action_dispatch/middleware/static.rb:63:in `call'
  railties (3.2.13) lib/rails/engine.rb:479:in `call'
  railties (3.2.13) lib/rails/application.rb:223:in `call'
  rack (1.4.5) lib/rack/content_length.rb:14:in `call'
  railties (3.2.13) lib/rails/rack/log_tailer.rb:17:in `call'
  rack (1.4.5) lib/rack/handler/webrick.rb:59:in `service'
  /home/ubuntu/.rbenv/versions/2.0.0-p0/lib/ruby/2.0.0/webrick/httpserver.rb:138:in `service'
  /home/ubuntu/.rbenv/versions/2.0.0-p0/lib/ruby/2.0.0/webrick/httpserver.rb:94:in `run'
  /home/ubuntu/.rbenv/versions/2.0.0-p0/lib/ruby/2.0.0/webrick/server.rb:295:in `block in start_thread'


  Rendered /home/ubuntu/.rbenv/versions/2.0.0-p0/lib/ruby/gems/2.0.0/gems/actionpack-3.2.13/lib/action_dispatch/middleware/templates/rescues/routing_error.erb within rescues/layout (0.8ms)


Started GET "/jquery.min.map" for 222.109.78.27 at 2013-08-21 08:42:20 +0000

ActionController::RoutingError (No route matches [GET] "/jquery.min.map"):
  actionpack (3.2.13) lib/action_dispatch/middleware/debug_exceptions.rb:21:in `call'
  actionpack (3.2.13) lib/action_dispatch/middleware/show_exceptions.rb:56:in `call'
  railties (3.2.13) lib/rails/rack/logger.rb:32:in `call_app'
  railties (3.2.13) lib/rails/rack/logger.rb:16:in `block in call'
  activesupport (3.2.13) lib/active_support/tagged_logging.rb:22:in `tagged'
  railties (3.2.13) lib/rails/rack/logger.rb:16:in `call'
  actionpack (3.2.13) lib/action_dispatch/middleware/request_id.rb:22:in `call'
  rack (1.4.5) lib/rack/methodoverride.rb:21:in `call'
  rack (1.4.5) lib/rack/runtime.rb:17:in `call'
  activesupport (3.2.13) lib/active_support/cache/strategy/local_cache.rb:72:in `call'
  rack (1.4.5) lib/rack/lock.rb:15:in `call'
  actionpack (3.2.13) lib/action_dispatch/middleware/static.rb:63:in `call'
  railties (3.2.13) lib/rails/engine.rb:479:in `call'
  railties (3.2.13) lib/rails/application.rb:223:in `call'
  rack (1.4.5) lib/rack/content_length.rb:14:in `call'
  railties (3.2.13) lib/rails/rack/log_tailer.rb:17:in `call'
  rack (1.4.5) lib/rack/handler/webrick.rb:59:in `service'
  /home/ubuntu/.rbenv/versions/2.0.0-p0/lib/ruby/2.0.0/webrick/httpserver.rb:138:in `service'
  /home/ubuntu/.rbenv/versions/2.0.0-p0/lib/ruby/2.0.0/webrick/httpserver.rb:94:in `run'
  /home/ubuntu/.rbenv/versions/2.0.0-p0/lib/ruby/2.0.0/webrick/server.rb:295:in `block in start_thread'


  Rendered /home/ubuntu/.rbenv/versions/2.0.0-p0/lib/ruby/gems/2.0.0/gems/actionpack-3.2.13/lib/action_dispatch/middleware/templates/rescues/routing_error.erb within rescues/layout (0.8ms)


Started GET "/jquery.min.map" for 222.109.78.27 at 2013-08-21 08:42:20 +0000

ActionController::RoutingError (No route matches [GET] "/jquery.min.map"):
  actionpack (3.2.13) lib/action_dispatch/middleware/debug_exceptions.rb:21:in `call'
  actionpack (3.2.13) lib/action_dispatch/middleware/show_exceptions.rb:56:in `call'
  railties (3.2.13) lib/rails/rack/logger.rb:32:in `call_app'
  railties (3.2.13) lib/rails/rack/logger.rb:16:in `block in call'
  activesupport (3.2.13) lib/active_support/tagged_logging.rb:22:in `tagged'
  railties (3.2.13) lib/rails/rack/logger.rb:16:in `call'
  actionpack (3.2.13) lib/action_dispatch/middleware/request_id.rb:22:in `call'
  rack (1.4.5) lib/rack/methodoverride.rb:21:in `call'
  rack (1.4.5) lib/rack/runtime.rb:17:in `call'
  activesupport (3.2.13) lib/active_support/cache/strategy/local_cache.rb:72:in `call'
  rack (1.4.5) lib/rack/lock.rb:15:in `call'
  actionpack (3.2.13) lib/action_dispatch/middleware/static.rb:63:in `call'
  railties (3.2.13) lib/rails/engine.rb:479:in `call'
  railties (3.2.13) lib/rails/application.rb:223:in `call'
  rack (1.4.5) lib/rack/content_length.rb:14:in `call'
  railties (3.2.13) lib/rails/rack/log_tailer.rb:17:in `call'
  rack (1.4.5) lib/rack/handler/webrick.rb:59:in `service'
  /home/ubuntu/.rbenv/versions/2.0.0-p0/lib/ruby/2.0.0/webrick/httpserver.rb:138:in `service'
  /home/ubuntu/.rbenv/versions/2.0.0-p0/lib/ruby/2.0.0/webrick/httpserver.rb:94:in `run'
  /home/ubuntu/.rbenv/versions/2.0.0-p0/lib/ruby/2.0.0/webrick/server.rb:295:in `block in start_thread'


  Rendered /home/ubuntu/.rbenv/versions/2.0.0-p0/lib/ruby/gems/2.0.0/gems/actionpack-3.2.13/lib/action_dispatch/middleware/templates/rescues/routing_error.erb within rescues/layout (0.7ms)
